
> react-kavia@0.1.0 start
> react-scripts start

(node:643) [DEP_WEBPACK_DEV_SERVER_ON_AFTER_SETUP_MIDDLEWARE] DeprecationWarning: 'onAfterSetupMiddleware' option is deprecated. Please use the 'setupMiddlewares' option.
(Use `node --trace-deprecation ...` to show where the warning was created)
(node:643) [DEP_WEBPACK_DEV_SERVER_ON_BEFORE_SETUP_MIDDLEWARE] DeprecationWarning: 'onBeforeSetupMiddleware' option is deprecated. Please use the 'setupMiddlewares' option.
Starting the development server...

Compiled successfully!

You can now view react-kavia in the browser.

  Local:            http://localhost:3000
  On Your Network:  http://172.17.0.2:3000

Note that the development build is not optimized.
To create a production build, use npm run build.

webpack compiled successfully
Compiling...
Failed to compile.

Module not found: Error: Can't resolve './components/FileUpload' in '/home/kavia/workspace/code-generation/workflow-repo-58723/reviserr_monolithic_spa/src'
WARNING in [eslint] 
src/App.js
  Line 23:10:  'quizIdx' is assigned a value but never used  no-unused-vars

ERROR in ./src/App.js 7:0-49
Module not found: Error: Can't resolve './components/FileUpload' in '/home/kavia/workspace/code-generation/workflow-repo-58723/reviserr_monolithic_spa/src'

ERROR in ./src/App.js 8:0-55
Module not found: Error: Can't resolve './components/MCQGeneration' in '/home/kavia/workspace/code-generation/workflow-repo-58723/reviserr_monolithic_spa/src'

ERROR in ./src/App.js 9:0-37
Module not found: Error: Can't resolve './components/Quiz' in '/home/kavia/workspace/code-generation/workflow-repo-58723/reviserr_monolithic_spa/src'

ERROR in ./src/App.js 10:0-45
Module not found: Error: Can't resolve './components/APIModal' in '/home/kavia/workspace/code-generation/workflow-repo-58723/reviserr_monolithic_spa/src'

ERROR in ./src/App.js 11:0-61
Module not found: Error: Can't resolve './components/ServiceWorkerReg' in '/home/kavia/workspace/code-generation/workflow-repo-58723/reviserr_monolithic_spa/src'

ERROR in ./src/App.js 12:0-49
Module not found: Error: Can't resolve './components/InfoBanner' in '/home/kavia/workspace/code-generation/workflow-repo-58723/reviserr_monolithic_spa/src'

webpack compiled with 6 errors and 1 warning
